#
# There is insufficient memory for the Java Runtime Environment to continue.
# Native memory allocation (malloc) failed to allocate 1341440 bytes for Chunk::new
# Possible reasons:
#   The system is out of physical RAM or swap space
#   The process is running with CompressedOops enabled, and the Java Heap may be blocking the growth of the native heap
# Possible solutions:
#   Reduce memory load on the system
#   Increase physical memory or swap space
#   Check if swap backing store is full
#   Decrease Java heap size (-Xmx/-Xms)
#   Decrease number of Java threads
#   Decrease Java thread stack sizes (-Xss)
#   Set larger code cache with -XX:ReservedCodeCacheSize=
#   JVM is running with Unscaled Compressed Oops mode in which the Java heap is
#     placed in the first 4GB address space. The Java Heap base address is the
#     maximum limit for the native heap growth. Please use -XX:HeapBaseMinAddress
#     to set the Java Heap base and to place the Java Heap above 4GB virtual address.
# This output file may be truncated or incomplete.
#
#  Out of Memory Error (allocation.cpp:389), pid=6376, tid=0x0000000000002d68
#
# JRE version: Java(TM) SE Runtime Environment (8.0_261-b12) (build 1.8.0_261-b12)
# Java VM: Java HotSpot(TM) 64-Bit Server VM (25.261-b12 mixed mode windows-amd64 compressed oops)
# Failed to write core dump. Minidumps are not enabled by default on client versions of Windows
#

---------------  T H R E A D  ---------------

Current thread (0x00000279f2f49000):  JavaThread "C2 CompilerThread1" daemon [_thread_in_native, id=11624, stack(0x000000cbec000000,0x000000cbec100000)]

Stack: [0x000000cbec000000,0x000000cbec100000]
Native frames: (J=compiled Java code, j=interpreted, Vv=VM code, C=native code)
V  [jvm.dll+0x33e5f9]
V  [jvm.dll+0x2850e2]
V  [jvm.dll+0x285d8d]
V  [jvm.dll+0x27c895]
V  [jvm.dll+0xe4d6c]
V  [jvm.dll+0xe556c]
V  [jvm.dll+0x47ed35]
V  [jvm.dll+0x446ab8]
V  [jvm.dll+0x44f8f5]
V  [jvm.dll+0x44ecb5]
V  [jvm.dll+0x439bc7]
V  [jvm.dll+0xbbbcb]
V  [jvm.dll+0xba22b]
V  [jvm.dll+0x24d962]
V  [jvm.dll+0x2a1cfc]
C  [ucrtbase.dll+0x20e82]
C  [KERNEL32.DLL+0x17bd4]
C  [ntdll.dll+0x6ce51]


Current CompileTask:
C2:   5697 2228   !   4       org.codehaus.plexus.interpolation.StringSearchInterpolator::interpolate (650 bytes)


---------------  P R O C E S S  ---------------

Java Threads: ( => current thread )
  0x00000279f2fbd800 JavaThread "Service Thread" daemon [_thread_blocked, id=7932, stack(0x000000cbec200000,0x000000cbec300000)]
  0x00000279f2f50800 JavaThread "C1 CompilerThread2" daemon [_thread_blocked, id=12140, stack(0x000000cbec100000,0x000000cbec200000)]
=>0x00000279f2f49000 JavaThread "C2 CompilerThread1" daemon [_thread_in_native, id=11624, stack(0x000000cbec000000,0x000000cbec100000)]
  0x00000279f2f46800 JavaThread "C2 CompilerThread0" daemon [_thread_in_native, id=32, stack(0x000000cbebf00000,0x000000cbec000000)]
  0x00000279f2f43800 JavaThread "Attach Listener" daemon [_thread_blocked, id=4160, stack(0x000000cbebe00000,0x000000cbebf00000)]
  0x00000279f2f42800 JavaThread "Signal Dispatcher" daemon [_thread_blocked, id=9376, stack(0x000000cbebd00000,0x000000cbebe00000)]
  0x00000279f2f26800 JavaThread "Finalizer" daemon [_thread_blocked, id=9708, stack(0x000000cbebc00000,0x000000cbebd00000)]
  0x00000279f27f3000 JavaThread "Reference Handler" daemon [_thread_blocked, id=10044, stack(0x000000cbebb00000,0x000000cbebc00000)]
  0x00000279dec38000 JavaThread "main" [_thread_in_native, id=6644, stack(0x000000cbeb500000,0x000000cbeb600000)]

Other Threads:
  0x00000279f2f01800 VMThread [stack: 0x000000cbeba00000,0x000000cbebb00000] [id=11436]
  0x00000279f3007000 WatcherThread [stack: 0x000000cbec300000,0x000000cbec400000] [id=3792]

VM state:not at safepoint (normal execution)

VM Mutex/Monitor currently owned by a thread: None

heap address: 0x00000000c1800000, size: 1000 MB, Compressed Oops mode: 32-bit
Narrow klass base: 0x0000000000000000, Narrow klass shift: 3
Compressed class space size: 1073741824 Address: 0x0000000100000000

Heap:
 PSYoungGen      total 35328K, used 10424K [0x00000000eb300000, 0x00000000ed800000, 0x0000000100000000)
  eden space 32768K, 24% used [0x00000000eb300000,0x00000000ebab21c8,0x00000000ed300000)
  from space 2560K, 99% used [0x00000000ed580000,0x00000000ed7fc010,0x00000000ed800000)
  to   space 2560K, 0% used [0x00000000ed300000,0x00000000ed300000,0x00000000ed580000)
 ParOldGen       total 44032K, used 15697K [0x00000000c1800000, 0x00000000c4300000, 0x00000000eb300000)
  object space 44032K, 35% used [0x00000000c1800000,0x00000000c2754518,0x00000000c4300000)
 Metaspace       used 15409K, capacity 15672K, committed 15872K, reserved 1062912K
  class space    used 1857K, capacity 1946K, committed 2048K, reserved 1048576K

Card table byte_map: [0x00000279efa70000,0x00000279efc70000] byte_map_base: 0x00000279ef464000

Marking Bits: (ParMarkBitMap*) 0x0000000067bf4fb0
 Begin Bits: [0x00000279efdc0000, 0x00000279f0d60000)
 End Bits:   [0x00000279f0d60000, 0x00000279f1d00000)

Polling page: 0x00000279dee10000

CodeCache: size=245760Kb used=8170Kb max_used=8170Kb free=237589Kb
 bounds [0x00000279e06b0000, 0x00000279e0ec0000, 0x00000279ef6b0000]
 total_blobs=2790 nmethods=2430 adapters=272
 compilation: enabled

Compilation events (10 events):
Event: 5.525 Thread 0x00000279f2f50800 2427       1       org.apache.maven.model.building.DefaultModelBuildingResult::getEffectiveModel (5 bytes)
Event: 5.525 Thread 0x00000279f2f50800 nmethod 2427 0x00000279e0ea8510 code [0x00000279e0ea8660, 0x00000279e0ea8778]
Event: 5.525 Thread 0x00000279f2f50800 2428       1       org.apache.maven.model.building.DefaultModelBuildingRequest::isProcessPlugins (5 bytes)
Event: 5.525 Thread 0x00000279f2f50800 nmethod 2428 0x00000279e0ea87d0 code [0x00000279e0ea8920, 0x00000279e0ea8a38]
Event: 5.529 Thread 0x00000279f2f50800 2429       1       org.apache.maven.model.building.DefaultModelBuildingRequest::getPomFile (5 bytes)
Event: 5.529 Thread 0x00000279f2f50800 nmethod 2429 0x00000279e0ea8a90 code [0x00000279e0ea8be0, 0x00000279e0ea8cf8]
Event: 5.531 Thread 0x00000279f2f50800 2430   !   3       org.apache.maven.model.Resource::clone (51 bytes)
Event: 5.532 Thread 0x00000279f2f50800 nmethod 2430 0x00000279e0ea8d50 code [0x00000279e0ea8f80, 0x00000279e0ea9bf0]
Event: 5.532 Thread 0x00000279f2f50800 2431       3       org.eclipse.aether.artifact.AbstractArtifact::setVersion (40 bytes)
Event: 5.533 Thread 0x00000279f2f50800 nmethod 2431 0x00000279e0eaa0d0 code [0x00000279e0eaa2e0, 0x00000279e0eaad70]

GC Heap History (10 events):
Event: 1.520 GC heap before
{Heap before GC invocations=2 (full 0):
 PSYoungGen      total 18944K, used 18930K [0x00000000eb300000, 0x00000000ec800000, 0x0000000100000000)
  eden space 16384K, 100% used [0x00000000eb300000,0x00000000ec300000,0x00000000ec300000)
  from space 2560K, 99% used [0x00000000ec300000,0x00000000ec57c938,0x00000000ec580000)
  to   space 2560K, 0% used [0x00000000ec580000,0x00000000ec580000,0x00000000ec800000)
 ParOldGen       total 44032K, used 908K [0x00000000c1800000, 0x00000000c4300000, 0x00000000eb300000)
  object space 44032K, 2% used [0x00000000c1800000,0x00000000c18e33d0,0x00000000c4300000)
 Metaspace       used 8077K, capacity 8276K, committed 8576K, reserved 1056768K
  class space    used 989K, capacity 1080K, committed 1152K, reserved 1048576K
Event: 1.527 GC heap after
Heap after GC invocations=2 (full 0):
 PSYoungGen      total 18944K, used 2556K [0x00000000eb300000, 0x00000000ec800000, 0x0000000100000000)
  eden space 16384K, 0% used [0x00000000eb300000,0x00000000eb300000,0x00000000ec300000)
  from space 2560K, 99% used [0x00000000ec580000,0x00000000ec7ff330,0x00000000ec800000)
  to   space 2560K, 0% used [0x00000000ec300000,0x00000000ec300000,0x00000000ec580000)
 ParOldGen       total 44032K, used 1349K [0x00000000c1800000, 0x00000000c4300000, 0x00000000eb300000)
  object space 44032K, 3% used [0x00000000c1800000,0x00000000c19516f0,0x00000000c4300000)
 Metaspace       used 8077K, capacity 8276K, committed 8576K, reserved 1056768K
  class space    used 989K, capacity 1080K, committed 1152K, reserved 1048576K
}
Event: 1.943 GC heap before
{Heap before GC invocations=3 (full 0):
 PSYoungGen      total 18944K, used 18940K [0x00000000eb300000, 0x00000000ec800000, 0x0000000100000000)
  eden space 16384K, 100% used [0x00000000eb300000,0x00000000ec300000,0x00000000ec300000)
  from space 2560K, 99% used [0x00000000ec580000,0x00000000ec7ff330,0x00000000ec800000)
  to   space 2560K, 0% used [0x00000000ec300000,0x00000000ec300000,0x00000000ec580000)
 ParOldGen       total 44032K, used 1349K [0x00000000c1800000, 0x00000000c4300000, 0x00000000eb300000)
  object space 44032K, 3% used [0x00000000c1800000,0x00000000c19516f0,0x00000000c4300000)
 Metaspace       used 9536K, capacity 9682K, committed 9728K, reserved 1058816K
  class space    used 1170K, capacity 1246K, committed 1280K, reserved 1048576K
Event: 1.953 GC heap after
Heap after GC invocations=3 (full 0):
 PSYoungGen      total 18944K, used 2535K [0x00000000eb300000, 0x00000000ed800000, 0x0000000100000000)
  eden space 16384K, 0% used [0x00000000eb300000,0x00000000eb300000,0x00000000ec300000)
  from space 2560K, 99% used [0x00000000ec300000,0x00000000ec579fd8,0x00000000ec580000)
  to   space 2560K, 0% used [0x00000000ed580000,0x00000000ed580000,0x00000000ed800000)
 ParOldGen       total 44032K, used 3148K [0x00000000c1800000, 0x00000000c4300000, 0x00000000eb300000)
  object space 44032K, 7% used [0x00000000c1800000,0x00000000c1b13200,0x00000000c4300000)
 Metaspace       used 9536K, capacity 9682K, committed 9728K, reserved 1058816K
  class space    used 1170K, capacity 1246K, committed 1280K, reserved 1048576K
}
Event: 2.390 GC heap before
{Heap before GC invocations=4 (full 0):
 PSYoungGen      total 18944K, used 18919K [0x00000000eb300000, 0x00000000ed800000, 0x0000000100000000)
  eden space 16384K, 100% used [0x00000000eb300000,0x00000000ec300000,0x00000000ec300000)
  from space 2560K, 99% used [0x00000000ec300000,0x00000000ec579fd8,0x00000000ec580000)
  to   space 2560K, 0% used [0x00000000ed580000,0x00000000ed580000,0x00000000ed800000)
 ParOldGen       total 44032K, used 3148K [0x00000000c1800000, 0x00000000c4300000, 0x00000000eb300000)
  object space 44032K, 7% used [0x00000000c1800000,0x00000000c1b13200,0x00000000c4300000)
 Metaspace       used 11364K, capacity 11558K, committed 11776K, reserved 1058816K
  class space    used 1420K, capacity 1509K, committed 1536K, reserved 1048576K
Event: 2.399 GC heap after
Heap after GC invocations=4 (full 0):
 PSYoungGen      total 35328K, used 2528K [0x00000000eb300000, 0x00000000ed800000, 0x0000000100000000)
  eden space 32768K, 0% used [0x00000000eb300000,0x00000000eb300000,0x00000000ed300000)
  from space 2560K, 98% used [0x00000000ed580000,0x00000000ed7f8040,0x00000000ed800000)
  to   space 2560K, 0% used [0x00000000ed300000,0x00000000ed300000,0x00000000ed580000)
 ParOldGen       total 44032K, used 5212K [0x00000000c1800000, 0x00000000c4300000, 0x00000000eb300000)
  object space 44032K, 11% used [0x00000000c1800000,0x00000000c1d17168,0x00000000c4300000)
 Metaspace       used 11364K, capacity 11558K, committed 11776K, reserved 1058816K
  class space    used 1420K, capacity 1509K, committed 1536K, reserved 1048576K
}
Event: 3.952 GC heap before
{Heap before GC invocations=5 (full 0):
 PSYoungGen      total 35328K, used 35296K [0x00000000eb300000, 0x00000000ed800000, 0x0000000100000000)
  eden space 32768K, 100% used [0x00000000eb300000,0x00000000ed300000,0x00000000ed300000)
  from space 2560K, 98% used [0x00000000ed580000,0x00000000ed7f8040,0x00000000ed800000)
  to   space 2560K, 0% used [0x00000000ed300000,0x00000000ed300000,0x00000000ed580000)
 ParOldGen       total 44032K, used 5212K [0x00000000c1800000, 0x00000000c4300000, 0x00000000eb300000)
  object space 44032K, 11% used [0x00000000c1800000,0x00000000c1d17168,0x00000000c4300000)
 Metaspace       used 14997K, capacity 15276K, committed 15616K, reserved 1062912K
  class space    used 1832K, capacity 1944K, committed 2048K, reserved 1048576K
Event: 3.979 GC heap after
Heap after GC invocations=5 (full 0):
 PSYoungGen      total 35328K, used 2544K [0x00000000eb300000, 0x00000000ed800000, 0x0000000100000000)
  eden space 32768K, 0% used [0x00000000eb300000,0x00000000eb300000,0x00000000ed300000)
  from space 2560K, 99% used [0x00000000ed300000,0x00000000ed57c010,0x00000000ed580000)
  to   space 2560K, 0% used [0x00000000ed580000,0x00000000ed580000,0x00000000ed800000)
 ParOldGen       total 44032K, used 10842K [0x00000000c1800000, 0x00000000c4300000, 0x00000000eb300000)
  object space 44032K, 24% used [0x00000000c1800000,0x00000000c2296ac8,0x00000000c4300000)
 Metaspace       used 14997K, capacity 15276K, committed 15616K, reserved 1062912K
  class space    used 1832K, capacity 1944K, committed 2048K, reserved 1048576K
}
Event: 5.206 GC heap before
{Heap before GC invocations=6 (full 0):
 PSYoungGen      total 35328K, used 35312K [0x00000000eb300000, 0x00000000ed800000, 0x0000000100000000)
  eden space 32768K, 100% used [0x00000000eb300000,0x00000000ed300000,0x00000000ed300000)
  from space 2560K, 99% used [0x00000000ed300000,0x00000000ed57c010,0x00000000ed580000)
  to   space 2560K, 0% used [0x00000000ed580000,0x00000000ed580000,0x00000000ed800000)
 ParOldGen       total 44032K, used 10842K [0x00000000c1800000, 0x00000000c4300000, 0x00000000eb300000)
  object space 44032K, 24% used [0x00000000c1800000,0x00000000c2296ac8,0x00000000c4300000)
 Metaspace       used 15372K, capacity 15608K, committed 15872K, reserved 1062912K
  class space    used 1857K, capacity 1946K, committed 2048K, reserved 1048576K
Event: 5.228 GC heap after
Heap after GC invocations=6 (full 0):
 PSYoungGen      total 35328K, used 2544K [0x00000000eb300000, 0x00000000ed800000, 0x0000000100000000)
  eden space 32768K, 0% used [0x00000000eb300000,0x00000000eb300000,0x00000000ed300000)
  from space 2560K, 99% used [0x00000000ed580000,0x00000000ed7fc010,0x00000000ed800000)
  to   space 2560K, 0% used [0x00000000ed300000,0x00000000ed300000,0x00000000ed580000)
 ParOldGen       total 44032K, used 15697K [0x00000000c1800000, 0x00000000c4300000, 0x00000000eb300000)
  object space 44032K, 35% used [0x00000000c1800000,0x00000000c2754518,0x00000000c4300000)
 Metaspace       used 15372K, capacity 15608K, committed 15872K, reserved 1062912K
  class space    used 1857K, capacity 1946K, committed 2048K, reserved 1048576K
}

Deoptimization events (10 events):
Event: 4.150 Thread 0x00000279dec38000 Uncommon trap: reason=unstable_if action=reinterpret pc=0x00000279e0cba66c method=org.codehaus.plexus.util.xml.pull.MXParser.nextImpl()I @ 1161
Event: 4.207 Thread 0x00000279dec38000 Uncommon trap: reason=unstable_if action=reinterpret pc=0x00000279e0d8fdfc method=org.apache.maven.model.io.xpp3.MavenXpp3Reader.nextTag(Lorg/codehaus/plexus/util/xml/pull/XmlPullParser;)I @ 9
Event: 4.223 Thread 0x00000279dec38000 Uncommon trap: reason=unstable_if action=reinterpret pc=0x00000279e0d9aa64 method=org.codehaus.plexus.util.xml.pull.MXParser.nextImpl()I @ 972
Event: 4.554 Thread 0x00000279dec38000 Uncommon trap: reason=null_check action=make_not_entrant pc=0x00000279e0e0483c method=org.apache.maven.model.validation.DefaultModelValidator.validateEffectiveDependency(Lorg/apache/maven/model/building/ModelProblemCollector;Lorg/apache/maven/model/Depend
Event: 4.784 Thread 0x00000279dec38000 Uncommon trap: reason=unstable_if action=reinterpret pc=0x00000279e0dc5870 method=org.codehaus.plexus.util.xml.pull.MXParser.nextImpl()I @ 280
Event: 4.791 Thread 0x00000279dec38000 Uncommon trap: reason=unstable_if action=reinterpret pc=0x00000279e0903e84 method=java.io.WinNTFileSystem.normalize(Ljava/lang/String;)Ljava/lang/String; @ 128
Event: 4.808 Thread 0x00000279dec38000 Uncommon trap: reason=class_check action=maybe_recompile pc=0x00000279e0cac74c method=java.util.regex.Pattern$7.isSatisfiedBy(I)Z @ 16
Event: 4.808 Thread 0x00000279dec38000 Uncommon trap: reason=class_check action=maybe_recompile pc=0x00000279e0cac74c method=java.util.regex.Pattern$7.isSatisfiedBy(I)Z @ 16
Event: 4.808 Thread 0x00000279dec38000 Uncommon trap: reason=class_check action=maybe_recompile pc=0x00000279e0cac74c method=java.util.regex.Pattern$7.isSatisfiedBy(I)Z @ 16
Event: 4.808 Thread 0x00000279dec38000 Uncommon trap: reason=class_check action=maybe_recompile pc=0x00000279e0cac74c method=java.util.regex.Pattern$7.isSatisfiedBy(I)Z @ 16

Classes redefined (0 events):
No events

Internal exceptions (10 events):
Event: 3.145 Thread 0x00000279dec38000 Exception <a 'java/lang/NullPointerException'> (0x00000000ec2e7d18) thrown at [C:\jenkins\workspace\8-2-build-windows-amd64-cygwin\jdk8u261\295\hotspot\src\share\vm\interpreter\linkResolver.cpp, line 1185]
Event: 3.145 Thread 0x00000279dec38000 Exception <a 'java/lang/NullPointerException'> (0x00000000ec2e7f30) thrown at [C:\jenkins\workspace\8-2-build-windows-amd64-cygwin\jdk8u261\295\hotspot\src\share\vm\interpreter\linkResolver.cpp, line 1185]
Event: 3.146 Thread 0x00000279dec38000 Exception <a 'java/lang/NullPointerException'> (0x00000000ec2f0828) thrown at [C:\jenkins\workspace\8-2-build-windows-amd64-cygwin\jdk8u261\295\hotspot\src\share\vm\interpreter\linkResolver.cpp, line 1185]
Event: 3.146 Thread 0x00000279dec38000 Exception <a 'java/lang/NullPointerException'> (0x00000000ec2f0a40) thrown at [C:\jenkins\workspace\8-2-build-windows-amd64-cygwin\jdk8u261\295\hotspot\src\share\vm\interpreter\linkResolver.cpp, line 1185]
Event: 3.146 Thread 0x00000279dec38000 Exception <a 'java/lang/NullPointerException'> (0x00000000ec2f0c58) thrown at [C:\jenkins\workspace\8-2-build-windows-amd64-cygwin\jdk8u261\295\hotspot\src\share\vm\interpreter\linkResolver.cpp, line 1185]
Event: 3.231 Thread 0x00000279dec38000 Implicit null exception at 0x00000279e091d0d6 to 0x00000279e091d47d
Event: 3.231 Thread 0x00000279dec38000 Implicit null exception at 0x00000279e08bb914 to 0x00000279e08bbccd
Event: 3.612 Thread 0x00000279dec38000 Implicit null exception at 0x00000279e0c87cd5 to 0x00000279e0c88fe9
Event: 4.047 Thread 0x00000279dec38000 Implicit null exception at 0x00000279e0d42a77 to 0x00000279e0d42cc1
Event: 4.554 Thread 0x00000279dec38000 Implicit null exception at 0x00000279e0e04210 to 0x00000279e0e0482d

Events (10 events):
Event: 4.808 Thread 0x00000279dec38000 DEOPT PACKING pc=0x00000279e0cac74c sp=0x000000cbeb5fcbb0
Event: 4.808 Thread 0x00000279dec38000 DEOPT UNPACKING pc=0x00000279e06f5843 sp=0x000000cbeb5fcb18 mode 2
Event: 4.867 loading class org/apache/maven/model/ActivationFile
Event: 4.867 loading class org/apache/maven/model/ActivationFile done
Event: 4.924 Thread 0x00000279dec38000 DEOPT PACKING pc=0x00000279e0ca55e2 sp=0x000000cbeb5fcd80
Event: 4.924 Thread 0x00000279dec38000 DEOPT UNPACKING pc=0x00000279e06f7898 sp=0x000000cbeb5fcb18 mode 0
Event: 5.148 loading class org/eclipse/aether/util/graph/selector/ExclusionDependencySelector$ExclusionComparator
Event: 5.148 loading class org/eclipse/aether/util/graph/selector/ExclusionDependencySelector$ExclusionComparator done
Event: 5.206 Executing VM operation: ParallelGCFailedAllocation
Event: 5.228 Executing VM operation: ParallelGCFailedAllocation done


Dynamic libraries:
0x00007ff689a30000 - 0x00007ff689a77000 	C:\Program Files\Java\jre1.8.0_261\bin\java.exe
0x00007ffe83520000 - 0x00007ffe83710000 	C:\WINDOWS\SYSTEM32\ntdll.dll
0x00007ffe82860000 - 0x00007ffe82912000 	C:\WINDOWS\System32\KERNEL32.DLL
0x00007ffe81050000 - 0x00007ffe812f4000 	C:\WINDOWS\System32\KERNELBASE.dll
0x00007ffe82920000 - 0x00007ffe829c3000 	C:\WINDOWS\System32\ADVAPI32.dll
0x00007ffe81660000 - 0x00007ffe816fe000 	C:\WINDOWS\System32\msvcrt.dll
0x00007ffe81f80000 - 0x00007ffe82017000 	C:\WINDOWS\System32\sechost.dll
0x00007ffe82020000 - 0x00007ffe82140000 	C:\WINDOWS\System32\RPCRT4.dll
0x00007ffe82460000 - 0x00007ffe825f5000 	C:\WINDOWS\System32\USER32.dll
0x00007ffe80f20000 - 0x00007ffe80f41000 	C:\WINDOWS\System32\win32u.dll
0x00007ffe82140000 - 0x00007ffe82166000 	C:\WINDOWS\System32\GDI32.dll
0x00007ffe804a0000 - 0x00007ffe80636000 	C:\WINDOWS\System32\gdi32full.dll
0x00007ffe81300000 - 0x00007ffe8139e000 	C:\WINDOWS\System32\msvcp_win.dll
0x00007ffe80f50000 - 0x00007ffe8104a000 	C:\WINDOWS\System32\ucrtbase.dll
0x00007ffe76d30000 - 0x00007ffe76fb4000 	C:\WINDOWS\WinSxS\amd64_microsoft.windows.common-controls_6595b64144ccf1df_6.0.18362.1016_none_9e7a36bbe461dae4\COMCTL32.dll
0x00007ffe81700000 - 0x00007ffe81a35000 	C:\WINDOWS\System32\combase.dll
0x00007ffe80dd0000 - 0x00007ffe80e50000 	C:\WINDOWS\System32\bcryptPrimitives.dll
0x00007ffe834b0000 - 0x00007ffe834de000 	C:\WINDOWS\System32\IMM32.DLL
0x00007ffe77a50000 - 0x00007ffe77a65000 	C:\Program Files\Java\jre1.8.0_261\bin\vcruntime140.dll
0x00007ffe65160000 - 0x00007ffe651fb000 	C:\Program Files\Java\jre1.8.0_261\bin\msvcp140.dll
0x0000000067400000 - 0x0000000067c6c000 	C:\Program Files\Java\jre1.8.0_261\bin\server\jvm.dll
0x00007ffe834a0000 - 0x00007ffe834a8000 	C:\WINDOWS\System32\PSAPI.DLL
0x00007ffe7ae50000 - 0x00007ffe7ae5a000 	C:\WINDOWS\SYSTEM32\VERSION.dll
0x00007ffe77aa0000 - 0x00007ffe77ac4000 	C:\WINDOWS\SYSTEM32\WINMM.dll
0x00007ffe799a0000 - 0x00007ffe799a9000 	C:\WINDOWS\SYSTEM32\WSOCK32.dll
0x00007ffe82c00000 - 0x00007ffe82c6f000 	C:\WINDOWS\System32\WS2_32.dll
0x00007ffe77a70000 - 0x00007ffe77a9d000 	C:\WINDOWS\SYSTEM32\winmmbase.dll
0x00007ffe813a0000 - 0x00007ffe813ea000 	C:\WINDOWS\System32\cfgmgr32.dll
0x00007ffe80460000 - 0x00007ffe80471000 	C:\WINDOWS\System32\kernel.appcore.dll
0x00007ffe776b0000 - 0x00007ffe776c0000 	C:\Program Files\Java\jre1.8.0_261\bin\verify.dll
0x00007ffe62730000 - 0x00007ffe6275b000 	C:\Program Files\Java\jre1.8.0_261\bin\java.dll
0x00007ffe60d40000 - 0x00007ffe60d58000 	C:\Program Files\Java\jre1.8.0_261\bin\zip.dll
0x00007ffe82db0000 - 0x00007ffe83497000 	C:\WINDOWS\System32\SHELL32.dll
0x00007ffe827b0000 - 0x00007ffe82859000 	C:\WINDOWS\System32\shcore.dll
0x00007ffe80640000 - 0x00007ffe80dc2000 	C:\WINDOWS\System32\windows.storage.dll
0x00007ffe80430000 - 0x00007ffe80453000 	C:\WINDOWS\System32\profapi.dll
0x00007ffe803e0000 - 0x00007ffe8042a000 	C:\WINDOWS\System32\powrprof.dll
0x00007ffe803d0000 - 0x00007ffe803e0000 	C:\WINDOWS\System32\UMPDC.dll
0x00007ffe82d50000 - 0x00007ffe82da2000 	C:\WINDOWS\System32\shlwapi.dll
0x00007ffe80e50000 - 0x00007ffe80e67000 	C:\WINDOWS\System32\cryptsp.dll
0x00007ffe79be0000 - 0x00007ffe79bea000 	C:\Users\GOUAIED\maven\apache-maven-3.6.3-bin\apache-maven-3.6.3\lib\jansi-native\windows64\jansi.dll
0x00007ffe779d0000 - 0x00007ffe779ec000 	C:\Program Files\Java\jre1.8.0_261\bin\net.dll
0x00007ffe7fbe0000 - 0x00007ffe7fc47000 	C:\WINDOWS\system32\mswsock.dll
0x00007ffe6f5a0000 - 0x00007ffe6f5b3000 	C:\Program Files\Java\jre1.8.0_261\bin\nio.dll
0x00007ffe7eb50000 - 0x00007ffe7ed44000 	C:\WINDOWS\SYSTEM32\dbghelp.dll

VM Arguments:
jvm_args: -Dclassworlds.conf=C:\Users\GOUAIED\maven\apache-maven-3.6.3-bin\apache-maven-3.6.3\bin\..\bin\m2.conf -Dmaven.home=C:\Users\GOUAIED\maven\apache-maven-3.6.3-bin\apache-maven-3.6.3\bin\.. -Dlibrary.jansi.path=C:\Users\GOUAIED\maven\apache-maven-3.6.3-bin\apache-maven-3.6.3\bin\..\lib\jansi-native -Dmaven.multiModuleProjectDirectory=C:\Users\GOUAIED\OneDrive\Bureau\springbootrestdemo\springbootrestdemo1 
java_command: org.codehaus.plexus.classworlds.launcher.Launcher -Dtest=TestScreenshotsUsingAshots test
java_class_path (initial): C:\Users\GOUAIED\maven\apache-maven-3.6.3-bin\apache-maven-3.6.3\bin\..\boot\plexus-classworlds-2.6.0.jar
Launcher Type: SUN_STANDARD

Environment Variables:
PATH=C:/Program Files/Java/jre1.8.0_261/bin/server;C:/Program Files/Java/jre1.8.0_261/bin;C:/Program Files/Java/jre1.8.0_261/lib/amd64;C:\Program Files\ImageMagick-7.0.10-Q16-HDRI;;C:\Program Files (x86)\Common Files\Oracle\Java\javapath;C:\Users\GOUAIED\AppData\Local\Microsoft\WindowsApps;C:\Users\GOUAIED\AppData\Roaming\npm;C:\Program Files\JetBrains\PyCharm 2019.2.5\bin;C:\Users\GOUAIED\AppData\Local\Programs\Microsoft VS Code\bin;C:\Program Files\NVIDIA GPU Computing Toolkit\CUDA\v10.0\extras\CUPTI\libx64;C:\Program Files\Java\jdk1.8.0_201;C:\Program Files\Java\jre1.8.0_241\bin;C:\Program Files\galen-bin-2.4.4;c:\users\gouaied\appdata\local\programs\python\python36\;C:\Users\GOUAIED\AppData\Local\Programs\Python\Python36\Scripts\pip3.exe;C:\Users\GOUAIED\maven\apache-maven-3.6.3-bin\apache-maven-3.6.3\bin;C:\Users\GOUAIED\maven\apache-maven-3.6.3-bin\apache-maven-3.6.3\bin;C:\WINDOWS\system32;C:\WINDOWS;C:\WINDOWS\System32\Wbem;C:\WINDOWS\System32\WindowsPowerShell\v1.0\;C:\WINDOWS\System32\OpenSSH\;C:\Program Files\nodejs\;C:\Users\GOUAIED\AppData\Local\Packages\PythonSoftwareFoundation.Python.3.8_qbz5n2kfra8p0\LocalCache\local-packages\Python38\Scripts;C:\Program Files\Git\cmd;C:\Users\GOUAIED\AppData\Local\Programs\Python\Python38-32\Scripts\;C:\Users\GOUAIED\AppData\Local\Programs\Python\Python38-32\;C:\Users\GOUAIED\AppData\Local\Programs\Python\Python36-32\Scripts\;C:\Users\GOUAIED\AppData\Local\Programs\Python\Python36-32\;C:\Users\GOUAIED\AppData\Local\Programs\Microsoft VS Code\bin;C:\Users\GOUAIED\maven\apache-maven-3.6.3-bin\apache-maven-3.6.3\;C:\Users\GOUAIED\AppData\Local\Microsoft\WindowsApps;C:\Users\GOUAIED\AppData\Roaming\npm;C:\Users\GOUAIED\AppData\Local\Packages\PythonSoftwareFoundation.Python.3.8_qbz5n2kfra8p0\LocalCache\local-packages\Python38\Scripts';C:\Users\GOUAIED\AppData\Local\Packages\PythonSoftwareFoundation.Python.3.8_qbz5n2kfra8p0\LocalCache\local-packages\Python38\Scripts;;C:\Users\GOUAIED\OneDrive\Bureau;
USERNAME=GOUAIED
OS=Windows_NT
PROCESSOR_IDENTIFIER=Intel64 Family 6 Model 69 Stepping 1, GenuineIntel



---------------  S Y S T E M  ---------------

OS: Windows 10.0 , 64 bit Build 18362 (10.0.18362.959)

CPU:total 4 (initial active 4) (2 cores per cpu, 2 threads per core) family 6 model 69 stepping 1, cmov, cx8, fxsr, mmx, sse, sse2, sse3, ssse3, sse4.1, sse4.2, popcnt, avx, avx2, aes, clmul, erms, lzcnt, ht, tsc, tscinvbit, bmi1, bmi2

Memory: 4k page, physical 4095984k(356776k free), swap 9215984k(6416k free)

vm_info: Java HotSpot(TM) 64-Bit Server VM (25.261-b12) for windows-amd64 JRE (1.8.0_261-b12), built on Jun 18 2020 06:56:32 by "" with unknown MS VC++:1916

time: Fri Aug 14 15:31:46 2020
timezone: Paris, Madrid (heure d?été)
elapsed time: 5 seconds (0d 0h 0m 5s)

