#
# There is insufficient memory for the Java Runtime Environment to continue.
# Native memory allocation (malloc) failed to allocate 1338752 bytes for Chunk::new
# Possible reasons:
#   The system is out of physical RAM or swap space
#   The process is running with CompressedOops enabled, and the Java Heap may be blocking the growth of the native heap
# Possible solutions:
#   Reduce memory load on the system
#   Increase physical memory or swap space
#   Check if swap backing store is full
#   Decrease Java heap size (-Xmx/-Xms)
#   Decrease number of Java threads
#   Decrease Java thread stack sizes (-Xss)
#   Set larger code cache with -XX:ReservedCodeCacheSize=
#   JVM is running with Unscaled Compressed Oops mode in which the Java heap is
#     placed in the first 4GB address space. The Java Heap base address is the
#     maximum limit for the native heap growth. Please use -XX:HeapBaseMinAddress
#     to set the Java Heap base and to place the Java Heap above 4GB virtual address.
# This output file may be truncated or incomplete.
#
#  Out of Memory Error (allocation.cpp:389), pid=11680, tid=0x0000000000001314
#
# JRE version: Java(TM) SE Runtime Environment (8.0_261-b12) (build 1.8.0_261-b12)
# Java VM: Java HotSpot(TM) 64-Bit Server VM (25.261-b12 mixed mode windows-amd64 compressed oops)
# Failed to write core dump. Minidumps are not enabled by default on client versions of Windows
#

---------------  T H R E A D  ---------------

Current thread (0x0000021a79b87800):  JavaThread "C2 CompilerThread1" daemon [_thread_in_native, id=4884, stack(0x000000d593000000,0x000000d593100000)]

Stack: [0x000000d593000000,0x000000d593100000]
Native frames: (J=compiled Java code, j=interpreted, Vv=VM code, C=native code)
V  [jvm.dll+0x33e5f9]


Current CompileTask:
C2:   4748 2188   !   4       org.codehaus.plexus.interpolation.StringSearchInterpolator::interpolate (650 bytes)


---------------  P R O C E S S  ---------------

Java Threads: ( => current thread )
  0x0000021a79c0b000 JavaThread "Service Thread" daemon [_thread_blocked, id=8656, stack(0x000000d593200000,0x000000d593300000)]
  0x0000021a79b8f800 JavaThread "C1 CompilerThread2" daemon [_thread_blocked, id=5204, stack(0x000000d593100000,0x000000d593200000)]
=>0x0000021a79b87800 JavaThread "C2 CompilerThread1" daemon [_thread_in_native, id=4884, stack(0x000000d593000000,0x000000d593100000)]
  0x0000021a79b84000 JavaThread "C2 CompilerThread0" daemon [_thread_in_native, id=11372, stack(0x000000d592f00000,0x000000d593000000)]
  0x0000021a79b82800 JavaThread "Attach Listener" daemon [_thread_blocked, id=9120, stack(0x000000d592e00000,0x000000d592f00000)]
  0x0000021a79b81000 JavaThread "Signal Dispatcher" daemon [_thread_blocked, id=10628, stack(0x000000d592d00000,0x000000d592e00000)]
  0x0000021a79b6a800 JavaThread "Finalizer" daemon [_thread_blocked, id=6916, stack(0x000000d592c00000,0x000000d592d00000)]
  0x0000021a79436800 JavaThread "Reference Handler" daemon [_thread_blocked, id=1740, stack(0x000000d592b00000,0x000000d592c00000)]
  0x0000021a6593a000 JavaThread "main" [_thread_in_native, id=10256, stack(0x000000d592500000,0x000000d592600000)]

Other Threads:
  0x0000021a79b43800 VMThread [stack: 0x000000d592a00000,0x000000d592b00000] [id=10332]
  0x0000021a79c38000 WatcherThread [stack: 0x000000d593300000,0x000000d593400000] [id=2960]

VM state:not at safepoint (normal execution)

VM Mutex/Monitor currently owned by a thread: None

heap address: 0x00000000c1800000, size: 1000 MB, Compressed Oops mode: 32-bit
Narrow klass base: 0x0000000000000000, Narrow klass shift: 3
Compressed class space size: 1073741824 Address: 0x0000000100000000

Heap:
 PSYoungGen      total 72704K, used 16396K [0x00000000eb300000, 0x00000000f0500000, 0x0000000100000000)
  eden space 64512K, 13% used [0x00000000eb300000,0x00000000ebbc4070,0x00000000ef200000)
  from space 8192K, 90% used [0x00000000efb00000,0x00000000f023f160,0x00000000f0300000)
  to   space 9216K, 0% used [0x00000000ef200000,0x00000000ef200000,0x00000000efb00000)
 ParOldGen       total 44032K, used 10945K [0x00000000c1800000, 0x00000000c4300000, 0x00000000eb300000)
  object space 44032K, 24% used [0x00000000c1800000,0x00000000c22b07e0,0x00000000c4300000)
 Metaspace       used 15387K, capacity 15604K, committed 15872K, reserved 1062912K
  class space    used 1857K, capacity 1946K, committed 2048K, reserved 1048576K

Card table byte_map: [0x0000021a766b0000,0x0000021a768b0000] byte_map_base: 0x0000021a760a4000

Marking Bits: (ParMarkBitMap*) 0x0000000067bf4fb0
 Begin Bits: [0x0000021a76a00000, 0x0000021a779a0000)
 End Bits:   [0x0000021a779a0000, 0x0000021a78940000)

Polling page: 0x0000021a65af0000

CodeCache: size=245760Kb used=8157Kb max_used=8157Kb free=237602Kb
 bounds [0x0000021a672f0000, 0x0000021a67af0000, 0x0000021a762f0000]
 total_blobs=2762 nmethods=2402 adapters=272
 compilation: enabled

Compilation events (10 events):
Event: 4.602 Thread 0x0000021a79b8f800 2402       3       org.apache.maven.model.management.DefaultDependencyManagementInjector$ManagementModelMerger::mergeDependency_Exclusions (70 bytes)
Event: 4.604 Thread 0x0000021a79b8f800 nmethod 2402 0x0000021a67ae8310 code [0x0000021a67ae8580, 0x0000021a67ae9560]
Event: 4.604 Thread 0x0000021a79b8f800 2401       3       org.apache.maven.model.management.DefaultDependencyManagementInjector$ManagementModelMerger::mergeDependency_Optional (1 bytes)
Event: 4.604 Thread 0x0000021a79b8f800 nmethod 2401 0x0000021a67ae9f90 code [0x0000021a67aea0e0, 0x0000021a67aea238]
Event: 4.609 Thread 0x0000021a79b8f800 2403       3       java.util.regex.Pattern$Begin::match (62 bytes)
Event: 4.609 Thread 0x0000021a79b8f800 nmethod 2403 0x0000021a67aea2d0 code [0x0000021a67aea440, 0x0000021a67aea7b0]
Event: 4.611 Thread 0x0000021a79b8f800 2404       3       java.nio.HeapCharBuffer::slice (45 bytes)
Event: 4.612 Thread 0x0000021a79b8f800 nmethod 2404 0x0000021a67aea950 code [0x0000021a67aeaae0, 0x0000021a67aeaf90]
Event: 4.616 Thread 0x0000021a79b8f800 2405       3       org.apache.maven.model.building.ModelData::getId (49 bytes)
Event: 4.619 Thread 0x0000021a79b8f800 nmethod 2405 0x0000021a67aeb110 code [0x0000021a67aeb3c0, 0x0000021a67aec860]

GC Heap History (10 events):
Event: 1.349 GC heap before
{Heap before GC invocations=2 (full 0):
 PSYoungGen      total 18944K, used 18939K [0x00000000eb300000, 0x00000000ec800000, 0x0000000100000000)
  eden space 16384K, 100% used [0x00000000eb300000,0x00000000ec300000,0x00000000ec300000)
  from space 2560K, 99% used [0x00000000ec300000,0x00000000ec57ecc0,0x00000000ec580000)
  to   space 2560K, 0% used [0x00000000ec580000,0x00000000ec580000,0x00000000ec800000)
 ParOldGen       total 44032K, used 951K [0x00000000c1800000, 0x00000000c4300000, 0x00000000eb300000)
  object space 44032K, 2% used [0x00000000c1800000,0x00000000c18edd00,0x00000000c4300000)
 Metaspace       used 8054K, capacity 8208K, committed 8320K, reserved 1056768K
  class space    used 989K, capacity 1080K, committed 1152K, reserved 1048576K
Event: 1.355 GC heap after
Heap after GC invocations=2 (full 0):
 PSYoungGen      total 18944K, used 2532K [0x00000000eb300000, 0x00000000ec800000, 0x0000000100000000)
  eden space 16384K, 0% used [0x00000000eb300000,0x00000000eb300000,0x00000000ec300000)
  from space 2560K, 98% used [0x00000000ec580000,0x00000000ec7f9288,0x00000000ec800000)
  to   space 2560K, 0% used [0x00000000ec300000,0x00000000ec300000,0x00000000ec580000)
 ParOldGen       total 44032K, used 1490K [0x00000000c1800000, 0x00000000c4300000, 0x00000000eb300000)
  object space 44032K, 3% used [0x00000000c1800000,0x00000000c1974a18,0x00000000c4300000)
 Metaspace       used 8054K, capacity 8208K, committed 8320K, reserved 1056768K
  class space    used 989K, capacity 1080K, committed 1152K, reserved 1048576K
}
Event: 1.713 GC heap before
{Heap before GC invocations=3 (full 0):
 PSYoungGen      total 18944K, used 18916K [0x00000000eb300000, 0x00000000ec800000, 0x0000000100000000)
  eden space 16384K, 100% used [0x00000000eb300000,0x00000000ec300000,0x00000000ec300000)
  from space 2560K, 98% used [0x00000000ec580000,0x00000000ec7f9288,0x00000000ec800000)
  to   space 2560K, 0% used [0x00000000ec300000,0x00000000ec300000,0x00000000ec580000)
 ParOldGen       total 44032K, used 1490K [0x00000000c1800000, 0x00000000c4300000, 0x00000000eb300000)
  object space 44032K, 3% used [0x00000000c1800000,0x00000000c1974a18,0x00000000c4300000)
 Metaspace       used 9520K, capacity 9678K, committed 9728K, reserved 1058816K
  class space    used 1170K, capacity 1246K, committed 1280K, reserved 1048576K
Event: 1.720 GC heap after
Heap after GC invocations=3 (full 0):
 PSYoungGen      total 18944K, used 2551K [0x00000000eb300000, 0x00000000ed800000, 0x0000000100000000)
  eden space 16384K, 0% used [0x00000000eb300000,0x00000000eb300000,0x00000000ec300000)
  from space 2560K, 99% used [0x00000000ec300000,0x00000000ec57dfe8,0x00000000ec580000)
  to   space 2560K, 0% used [0x00000000ed580000,0x00000000ed580000,0x00000000ed800000)
 ParOldGen       total 44032K, used 3276K [0x00000000c1800000, 0x00000000c4300000, 0x00000000eb300000)
  object space 44032K, 7% used [0x00000000c1800000,0x00000000c1b333c0,0x00000000c4300000)
 Metaspace       used 9520K, capacity 9678K, committed 9728K, reserved 1058816K
  class space    used 1170K, capacity 1246K, committed 1280K, reserved 1048576K
}
Event: 2.082 GC heap before
{Heap before GC invocations=4 (full 0):
 PSYoungGen      total 18944K, used 18935K [0x00000000eb300000, 0x00000000ed800000, 0x0000000100000000)
  eden space 16384K, 100% used [0x00000000eb300000,0x00000000ec300000,0x00000000ec300000)
  from space 2560K, 99% used [0x00000000ec300000,0x00000000ec57dfe8,0x00000000ec580000)
  to   space 2560K, 0% used [0x00000000ed580000,0x00000000ed580000,0x00000000ed800000)
 ParOldGen       total 44032K, used 3276K [0x00000000c1800000, 0x00000000c4300000, 0x00000000eb300000)
  object space 44032K, 7% used [0x00000000c1800000,0x00000000c1b333c0,0x00000000c4300000)
 Metaspace       used 11350K, capacity 11554K, committed 11776K, reserved 1058816K
  class space    used 1420K, capacity 1509K, committed 1536K, reserved 1048576K
Event: 2.090 GC heap after
Heap after GC invocations=4 (full 0):
 PSYoungGen      total 35328K, used 2528K [0x00000000eb300000, 0x00000000ed800000, 0x0000000100000000)
  eden space 32768K, 0% used [0x00000000eb300000,0x00000000eb300000,0x00000000ed300000)
  from space 2560K, 98% used [0x00000000ed580000,0x00000000ed7f8020,0x00000000ed800000)
  to   space 2560K, 0% used [0x00000000ed300000,0x00000000ed300000,0x00000000ed580000)
 ParOldGen       total 44032K, used 5349K [0x00000000c1800000, 0x00000000c4300000, 0x00000000eb300000)
  object space 44032K, 12% used [0x00000000c1800000,0x00000000c1d396f0,0x00000000c4300000)
 Metaspace       used 11350K, capacity 11554K, committed 11776K, reserved 1058816K
  class space    used 1420K, capacity 1509K, committed 1536K, reserved 1048576K
}
Event: 3.287 GC heap before
{Heap before GC invocations=5 (full 0):
 PSYoungGen      total 35328K, used 35296K [0x00000000eb300000, 0x00000000ed800000, 0x0000000100000000)
  eden space 32768K, 100% used [0x00000000eb300000,0x00000000ed300000,0x00000000ed300000)
  from space 2560K, 98% used [0x00000000ed580000,0x00000000ed7f8020,0x00000000ed800000)
  to   space 2560K, 0% used [0x00000000ed300000,0x00000000ed300000,0x00000000ed580000)
 ParOldGen       total 44032K, used 5349K [0x00000000c1800000, 0x00000000c4300000, 0x00000000eb300000)
  object space 44032K, 12% used [0x00000000c1800000,0x00000000c1d396f0,0x00000000c4300000)
 Metaspace       used 14968K, capacity 15208K, committed 15616K, reserved 1062912K
  class space    used 1832K, capacity 1944K, committed 2048K, reserved 1048576K
Event: 3.306 GC heap after
Heap after GC invocations=5 (full 0):
 PSYoungGen      total 35328K, used 2544K [0x00000000eb300000, 0x00000000f0300000, 0x0000000100000000)
  eden space 32768K, 0% used [0x00000000eb300000,0x00000000eb300000,0x00000000ed300000)
  from space 2560K, 99% used [0x00000000ed300000,0x00000000ed57c010,0x00000000ed580000)
  to   space 8192K, 0% used [0x00000000efb00000,0x00000000efb00000,0x00000000f0300000)
 ParOldGen       total 44032K, used 10937K [0x00000000c1800000, 0x00000000c4300000, 0x00000000eb300000)
  object space 44032K, 24% used [0x00000000c1800000,0x00000000c22ae7e0,0x00000000c4300000)
 Metaspace       used 14968K, capacity 15208K, committed 15616K, reserved 1062912K
  class space    used 1832K, capacity 1944K, committed 2048K, reserved 1048576K
}
Event: 4.181 GC heap before
{Heap before GC invocations=6 (full 0):
 PSYoungGen      total 35328K, used 35312K [0x00000000eb300000, 0x00000000f0300000, 0x0000000100000000)
  eden space 32768K, 100% used [0x00000000eb300000,0x00000000ed300000,0x00000000ed300000)
  from space 2560K, 99% used [0x00000000ed300000,0x00000000ed57c010,0x00000000ed580000)
  to   space 8192K, 0% used [0x00000000efb00000,0x00000000efb00000,0x00000000f0300000)
 ParOldGen       total 44032K, used 10937K [0x00000000c1800000, 0x00000000c4300000, 0x00000000eb300000)
  object space 44032K, 24% used [0x00000000c1800000,0x00000000c22ae7e0,0x00000000c4300000)
 Metaspace       used 15347K, capacity 15604K, committed 15872K, reserved 1062912K
  class space    used 1857K, capacity 1946K, committed 2048K, reserved 1048576K
Event: 4.205 GC heap after
Heap after GC invocations=6 (full 0):
 PSYoungGen      total 72704K, used 7420K [0x00000000eb300000, 0x00000000f0500000, 0x0000000100000000)
  eden space 64512K, 0% used [0x00000000eb300000,0x00000000eb300000,0x00000000ef200000)
  from space 8192K, 90% used [0x00000000efb00000,0x00000000f023f160,0x00000000f0300000)
  to   space 9216K, 0% used [0x00000000ef200000,0x00000000ef200000,0x00000000efb00000)
 ParOldGen       total 44032K, used 10945K [0x00000000c1800000, 0x00000000c4300000, 0x00000000eb300000)
  object space 44032K, 24% used [0x00000000c1800000,0x00000000c22b07e0,0x00000000c4300000)
 Metaspace       used 15347K, capacity 15604K, committed 15872K, reserved 1062912K
  class space    used 1857K, capacity 1946K, committed 2048K, reserved 1048576K
}

Deoptimization events (10 events):
Event: 3.453 Thread 0x0000021a6593a000 Uncommon trap: reason=null_check action=make_not_entrant pc=0x0000021a679989f0 method=org.apache.maven.model.io.xpp3.MavenXpp3Reader.checkFieldWithDuplicate(Lorg/codehaus/plexus/util/xml/pull/XmlPullParser;Ljava/lang/String;Ljava/lang/String;Ljava/util/Se
Event: 3.471 Thread 0x0000021a6593a000 Uncommon trap: reason=unstable_if action=reinterpret pc=0x0000021a679c3768 method=org.codehaus.plexus.util.xml.pull.MXParser.nextImpl()I @ 310
Event: 3.692 Thread 0x0000021a6593a000 Uncommon trap: reason=null_check action=make_not_entrant pc=0x0000021a67a27508 method=org.apache.maven.model.validation.DefaultModelValidator.validateEffectiveDependency(Lorg/apache/maven/model/building/ModelProblemCollector;Lorg/apache/maven/model/Depend
Event: 3.851 Thread 0x0000021a6593a000 Uncommon trap: reason=unstable_if action=reinterpret pc=0x0000021a679fc6ec method=org.codehaus.plexus.util.xml.pull.MXParser.nextImpl()I @ 280
Event: 3.852 Thread 0x0000021a6593a000 Uncommon trap: reason=unstable_if action=reinterpret pc=0x0000021a6753f1c4 method=java.io.WinNTFileSystem.normalize(Ljava/lang/String;)Ljava/lang/String; @ 128
Event: 3.867 Thread 0x0000021a6593a000 Uncommon trap: reason=class_check action=maybe_recompile pc=0x0000021a6787e648 method=java.util.regex.Pattern$7.isSatisfiedBy(I)Z @ 16
Event: 3.867 Thread 0x0000021a6593a000 Uncommon trap: reason=class_check action=maybe_recompile pc=0x0000021a6787e648 method=java.util.regex.Pattern$7.isSatisfiedBy(I)Z @ 16
Event: 3.867 Thread 0x0000021a6593a000 Uncommon trap: reason=class_check action=maybe_recompile pc=0x0000021a6787e648 method=java.util.regex.Pattern$7.isSatisfiedBy(I)Z @ 16
Event: 3.867 Thread 0x0000021a6593a000 Uncommon trap: reason=class_check action=maybe_recompile pc=0x0000021a6787e648 method=java.util.regex.Pattern$7.isSatisfiedBy(I)Z @ 16
Event: 4.523 Thread 0x0000021a6593a000 Uncommon trap: reason=unstable_if action=reinterpret pc=0x0000021a67a4d734 method=org.apache.maven.model.interpolation.StringVisitorModelInterpolator$ModelVisitor.visit(Lorg/apache/maven/model/Dependency;)V @ 17

Classes redefined (0 events):
No events

Internal exceptions (10 events):
Event: 2.662 Thread 0x0000021a6593a000 Exception <a 'java/lang/NullPointerException'> (0x00000000ec2e8300) thrown at [C:\jenkins\workspace\8-2-build-windows-amd64-cygwin\jdk8u261\295\hotspot\src\share\vm\interpreter\linkResolver.cpp, line 1185]
Event: 2.663 Thread 0x0000021a6593a000 Exception <a 'java/lang/NullPointerException'> (0x00000000ec2e8518) thrown at [C:\jenkins\workspace\8-2-build-windows-amd64-cygwin\jdk8u261\295\hotspot\src\share\vm\interpreter\linkResolver.cpp, line 1185]
Event: 2.664 Thread 0x0000021a6593a000 Exception <a 'java/lang/NullPointerException'> (0x00000000ec2f0e10) thrown at [C:\jenkins\workspace\8-2-build-windows-amd64-cygwin\jdk8u261\295\hotspot\src\share\vm\interpreter\linkResolver.cpp, line 1185]
Event: 2.664 Thread 0x0000021a6593a000 Exception <a 'java/lang/NullPointerException'> (0x00000000ec2f1028) thrown at [C:\jenkins\workspace\8-2-build-windows-amd64-cygwin\jdk8u261\295\hotspot\src\share\vm\interpreter\linkResolver.cpp, line 1185]
Event: 2.664 Thread 0x0000021a6593a000 Exception <a 'java/lang/NullPointerException'> (0x00000000ec2f1240) thrown at [C:\jenkins\workspace\8-2-build-windows-amd64-cygwin\jdk8u261\295\hotspot\src\share\vm\interpreter\linkResolver.cpp, line 1185]
Event: 2.723 Thread 0x0000021a6593a000 Implicit null exception at 0x0000021a6755cb59 to 0x0000021a6755cf09
Event: 2.723 Thread 0x0000021a6593a000 Implicit null exception at 0x0000021a674f3714 to 0x0000021a674f3acd
Event: 3.012 Thread 0x0000021a6593a000 Implicit null exception at 0x0000021a678b9255 to 0x0000021a678ba555
Event: 3.453 Thread 0x0000021a6593a000 Implicit null exception at 0x0000021a679976d0 to 0x0000021a679989d9
Event: 3.692 Thread 0x0000021a6593a000 Implicit null exception at 0x0000021a67a26eb0 to 0x0000021a67a274f9

Events (10 events):
Event: 4.134 loading class org/eclipse/aether/util/graph/selector/ExclusionDependencySelector$ExclusionComparator done
Event: 4.169 Executing VM operation: EnableBiasedLocking
Event: 4.169 Executing VM operation: EnableBiasedLocking done
Event: 4.181 Executing VM operation: ParallelGCFailedAllocation
Event: 4.205 Executing VM operation: ParallelGCFailedAllocation done
Event: 4.407 Thread 0x0000021a6593a000 DEOPT PACKING pc=0x0000021a678ecf22 sp=0x000000d5925fc5b0
Event: 4.407 Thread 0x0000021a6593a000 DEOPT UNPACKING pc=0x0000021a67337898 sp=0x000000d5925fc350 mode 0
Event: 4.523 Thread 0x0000021a6593a000 Uncommon trap: trap_request=0xffffff65 fr.pc=0x0000021a67a4d734
Event: 4.523 Thread 0x0000021a6593a000 DEOPT PACKING pc=0x0000021a67a4d734 sp=0x000000d5925fcbd0
Event: 4.523 Thread 0x0000021a6593a000 DEOPT UNPACKING pc=0x0000021a67335843 sp=0x000000d5925fcb80 mode 2


Dynamic libraries:
0x00007ff689a30000 - 0x00007ff689a77000 	C:\Program Files\Java\jre1.8.0_261\bin\java.exe
0x00007ffe83520000 - 0x00007ffe83710000 	C:\WINDOWS\SYSTEM32\ntdll.dll
0x00007ffe82860000 - 0x00007ffe82912000 	C:\WINDOWS\System32\KERNEL32.DLL
0x00007ffe81050000 - 0x00007ffe812f4000 	C:\WINDOWS\System32\KERNELBASE.dll
0x00007ffe82920000 - 0x00007ffe829c3000 	C:\WINDOWS\System32\ADVAPI32.dll
0x00007ffe81660000 - 0x00007ffe816fe000 	C:\WINDOWS\System32\msvcrt.dll
0x00007ffe81f80000 - 0x00007ffe82017000 	C:\WINDOWS\System32\sechost.dll
0x00007ffe82020000 - 0x00007ffe82140000 	C:\WINDOWS\System32\RPCRT4.dll
0x00007ffe82460000 - 0x00007ffe825f5000 	C:\WINDOWS\System32\USER32.dll
0x00007ffe80f20000 - 0x00007ffe80f41000 	C:\WINDOWS\System32\win32u.dll
0x00007ffe82140000 - 0x00007ffe82166000 	C:\WINDOWS\System32\GDI32.dll
0x00007ffe804a0000 - 0x00007ffe80636000 	C:\WINDOWS\System32\gdi32full.dll
0x00007ffe81300000 - 0x00007ffe8139e000 	C:\WINDOWS\System32\msvcp_win.dll
0x00007ffe80f50000 - 0x00007ffe8104a000 	C:\WINDOWS\System32\ucrtbase.dll
0x00007ffe76d30000 - 0x00007ffe76fb4000 	C:\WINDOWS\WinSxS\amd64_microsoft.windows.common-controls_6595b64144ccf1df_6.0.18362.1016_none_9e7a36bbe461dae4\COMCTL32.dll
0x00007ffe81700000 - 0x00007ffe81a35000 	C:\WINDOWS\System32\combase.dll
0x00007ffe80dd0000 - 0x00007ffe80e50000 	C:\WINDOWS\System32\bcryptPrimitives.dll
0x00007ffe834b0000 - 0x00007ffe834de000 	C:\WINDOWS\System32\IMM32.DLL
0x00007ffe77a50000 - 0x00007ffe77a65000 	C:\Program Files\Java\jre1.8.0_261\bin\vcruntime140.dll
0x00007ffe65160000 - 0x00007ffe651fb000 	C:\Program Files\Java\jre1.8.0_261\bin\msvcp140.dll
0x0000000067400000 - 0x0000000067c6c000 	C:\Program Files\Java\jre1.8.0_261\bin\server\jvm.dll
0x00007ffe834a0000 - 0x00007ffe834a8000 	C:\WINDOWS\System32\PSAPI.DLL
0x00007ffe799a0000 - 0x00007ffe799a9000 	C:\WINDOWS\SYSTEM32\WSOCK32.dll
0x00007ffe77aa0000 - 0x00007ffe77ac4000 	C:\WINDOWS\SYSTEM32\WINMM.dll
0x00007ffe7ae50000 - 0x00007ffe7ae5a000 	C:\WINDOWS\SYSTEM32\VERSION.dll
0x00007ffe82c00000 - 0x00007ffe82c6f000 	C:\WINDOWS\System32\WS2_32.dll
0x00007ffe77a70000 - 0x00007ffe77a9d000 	C:\WINDOWS\SYSTEM32\WINMMBASE.dll
0x00007ffe813a0000 - 0x00007ffe813ea000 	C:\WINDOWS\System32\cfgmgr32.dll
0x00007ffe80460000 - 0x00007ffe80471000 	C:\WINDOWS\System32\kernel.appcore.dll
0x00007ffe776b0000 - 0x00007ffe776c0000 	C:\Program Files\Java\jre1.8.0_261\bin\verify.dll
0x00007ffe62730000 - 0x00007ffe6275b000 	C:\Program Files\Java\jre1.8.0_261\bin\java.dll
0x00007ffe60d40000 - 0x00007ffe60d58000 	C:\Program Files\Java\jre1.8.0_261\bin\zip.dll
0x00007ffe82db0000 - 0x00007ffe83497000 	C:\WINDOWS\System32\SHELL32.dll
0x00007ffe827b0000 - 0x00007ffe82859000 	C:\WINDOWS\System32\shcore.dll
0x00007ffe80640000 - 0x00007ffe80dc2000 	C:\WINDOWS\System32\windows.storage.dll
0x00007ffe80430000 - 0x00007ffe80453000 	C:\WINDOWS\System32\profapi.dll
0x00007ffe803e0000 - 0x00007ffe8042a000 	C:\WINDOWS\System32\powrprof.dll
0x00007ffe803d0000 - 0x00007ffe803e0000 	C:\WINDOWS\System32\UMPDC.dll
0x00007ffe82d50000 - 0x00007ffe82da2000 	C:\WINDOWS\System32\shlwapi.dll
0x00007ffe80e50000 - 0x00007ffe80e67000 	C:\WINDOWS\System32\cryptsp.dll
0x00007ffe79be0000 - 0x00007ffe79bea000 	C:\Users\GOUAIED\maven\apache-maven-3.6.3-bin\apache-maven-3.6.3\lib\jansi-native\windows64\jansi.dll
0x00007ffe779d0000 - 0x00007ffe779ec000 	C:\Program Files\Java\jre1.8.0_261\bin\net.dll
0x00007ffe7fbe0000 - 0x00007ffe7fc47000 	C:\WINDOWS\system32\mswsock.dll
0x00007ffe6f5a0000 - 0x00007ffe6f5b3000 	C:\Program Files\Java\jre1.8.0_261\bin\nio.dll

VM Arguments:
jvm_args: -Dclassworlds.conf=C:\Users\GOUAIED\maven\apache-maven-3.6.3-bin\apache-maven-3.6.3\bin\..\bin\m2.conf -Dmaven.home=C:\Users\GOUAIED\maven\apache-maven-3.6.3-bin\apache-maven-3.6.3\bin\.. -Dlibrary.jansi.path=C:\Users\GOUAIED\maven\apache-maven-3.6.3-bin\apache-maven-3.6.3\bin\..\lib\jansi-native -Dmaven.multiModuleProjectDirectory=C:\Users\GOUAIED\OneDrive\Bureau\springbootrestdemo\springbootrestdemo1 
java_command: org.codehaus.plexus.classworlds.launcher.Launcher -Dtest=TestScreenshotsUsingAshots test
java_class_path (initial): C:\Users\GOUAIED\maven\apache-maven-3.6.3-bin\apache-maven-3.6.3\bin\..\boot\plexus-classworlds-2.6.0.jar
Launcher Type: SUN_STANDARD

Environment Variables:
PATH=C:/Program Files/Java/jre1.8.0_261/bin/server;C:/Program Files/Java/jre1.8.0_261/bin;C:/Program Files/Java/jre1.8.0_261/lib/amd64;C:\Program Files\ImageMagick-7.0.10-Q16-HDRI;;C:\Program Files (x86)\Common Files\Oracle\Java\javapath;C:\Users\GOUAIED\AppData\Local\Microsoft\WindowsApps;C:\Users\GOUAIED\AppData\Roaming\npm;C:\Program Files\JetBrains\PyCharm 2019.2.5\bin;C:\Users\GOUAIED\AppData\Local\Programs\Microsoft VS Code\bin;C:\Program Files\NVIDIA GPU Computing Toolkit\CUDA\v10.0\extras\CUPTI\libx64;C:\Program Files\Java\jdk1.8.0_201;C:\Program Files\Java\jre1.8.0_241\bin;C:\Program Files\galen-bin-2.4.4;c:\users\gouaied\appdata\local\programs\python\python36\;C:\Users\GOUAIED\AppData\Local\Programs\Python\Python36\Scripts\pip3.exe;C:\Users\GOUAIED\maven\apache-maven-3.6.3-bin\apache-maven-3.6.3\bin;C:\Users\GOUAIED\maven\apache-maven-3.6.3-bin\apache-maven-3.6.3\bin;C:\WINDOWS\system32;C:\WINDOWS;C:\WINDOWS\System32\Wbem;C:\WINDOWS\System32\WindowsPowerShell\v1.0\;C:\WINDOWS\System32\OpenSSH\;C:\Program Files\nodejs\;C:\Users\GOUAIED\AppData\Local\Packages\PythonSoftwareFoundation.Python.3.8_qbz5n2kfra8p0\LocalCache\local-packages\Python38\Scripts;C:\Program Files\Git\cmd;C:\Users\GOUAIED\AppData\Local\Programs\Python\Python38-32\Scripts\;C:\Users\GOUAIED\AppData\Local\Programs\Python\Python38-32\;C:\Users\GOUAIED\AppData\Local\Programs\Python\Python36-32\Scripts\;C:\Users\GOUAIED\AppData\Local\Programs\Python\Python36-32\;C:\Users\GOUAIED\AppData\Local\Programs\Microsoft VS Code\bin;C:\Users\GOUAIED\maven\apache-maven-3.6.3-bin\apache-maven-3.6.3\;C:\Users\GOUAIED\AppData\Local\Microsoft\WindowsApps;C:\Users\GOUAIED\AppData\Roaming\npm;C:\Users\GOUAIED\AppData\Local\Packages\PythonSoftwareFoundation.Python.3.8_qbz5n2kfra8p0\LocalCache\local-packages\Python38\Scripts';C:\Users\GOUAIED\AppData\Local\Packages\PythonSoftwareFoundation.Python.3.8_qbz5n2kfra8p0\LocalCache\local-packages\Python38\Scripts;;C:\Users\GOUAIED\OneDrive\Bureau;
USERNAME=GOUAIED
OS=Windows_NT
PROCESSOR_IDENTIFIER=Intel64 Family 6 Model 69 Stepping 1, GenuineIntel



---------------  S Y S T E M  ---------------

OS: Windows 10.0 , 64 bit Build 18362 (10.0.18362.959)

CPU:total 4 (initial active 4) (2 cores per cpu, 2 threads per core) family 6 model 69 stepping 1, cmov, cx8, fxsr, mmx, sse, sse2, sse3, ssse3, sse4.1, sse4.2, popcnt, avx, avx2, aes, clmul, erms, lzcnt, ht, tsc, tscinvbit, bmi1, bmi2

Memory: 4k page, physical 4095984k(328800k free), swap 9215984k(6768k free)

vm_info: Java HotSpot(TM) 64-Bit Server VM (25.261-b12) for windows-amd64 JRE (1.8.0_261-b12), built on Jun 18 2020 06:56:32 by "" with unknown MS VC++:1916

time: Fri Aug 14 15:27:55 2020
timezone: Paris, Madrid (heure d?été)
elapsed time: 4 seconds (0d 0h 0m 4s)

